C:\Users\flsal\OneDrive - Universidade do Minho\Universidade\Github\dwr-19\01Relatorios\Diagramas\Diagrama_Robo_v3.dwg,Model,16/06/2021 14:45:13,flsal,AutoCAD PDF (High Quality Print).pc3,ISO A4 (210.00 x 297.00 MM),1:3.12074,
C:\Users\flsal\OneDrive - Universidade do Minho\Universidade\Github\dwr-19\01Relatorios\Diagramas\Diagrama_Robo_v3.dwg,Layout2,16/06/2021 14:45:52,flsal,AutoCAD PDF (High Quality Print).pc3,ISO full bleed A4 (210.00 x 297.00 MM),1:1,
C:\Users\flsal\OneDrive - Universidade do Minho\Universidade\Github\dwr-19\01Relatorios\Diagramas\Diagrama_Robo_v3.dwg,Layout1,16/06/2021 14:45:52,flsal,AutoCAD PDF (High Quality Print).pc3,ISO full bleed A4 (210.00 x 297.00 MM),1:1,
C:\Users\flsal\OneDrive - Universidade do Minho\Universidade\Github\dwr-19\01Relatorios\Diagramas\Diagrama_Robo_v3.dwg,Layout3,16/06/2021 14:45:53,flsal,AutoCAD PDF (High Quality Print).pc3,ISO full bleed A4 (210.00 x 297.00 MM),1:1,
C:\Users\flsal\OneDrive - Universidade do Minho\Universidade\Github\dwr-19\01Relatorios\Diagramas\Diagrama_Robo_v3.dwg,Layout4,16/06/2021 14:45:53,flsal,AutoCAD PDF (High Quality Print).pc3,ISO full bleed A4 (210.00 x 297.00 MM),1:1,
C:\Users\flsal\OneDrive - Universidade do Minho\Universidade\Github\dwr-19\01Relatorios\Diagramas\Diagrama_Robo_v3.dwg,Layout5,16/06/2021 14:45:53,flsal,AutoCAD PDF (High Quality Print).pc3,ISO full bleed A4 (210.00 x 297.00 MM),1:1,
D:\Github\Github - Others\DWR-19\01Relatorios\Diagramas\Diagrama_Robo_v3.dwg,Layout2,16/06/2021 23:07:09,flsal,AutoCAD PDF (High Quality Print).pc3,ISO full bleed A4 (210.00 x 297.00 MM),1:1,
D:\Github\Github - Others\DWR-19\01Relatorios\Diagramas\Diagrama_Robo_v3.dwg,Layout1,16/06/2021 23:07:09,flsal,AutoCAD PDF (High Quality Print).pc3,ISO full bleed A4 (210.00 x 297.00 MM),1:1,
D:\Github\Github - Others\DWR-19\01Relatorios\Diagramas\Diagrama_Robo_v3.dwg,Layout3,16/06/2021 23:07:09,flsal,AutoCAD PDF (High Quality Print).pc3,ISO full bleed A4 (210.00 x 297.00 MM),1:1,
D:\Github\Github - Others\DWR-19\01Relatorios\Diagramas\Diagrama_Robo_v3.dwg,Layout4,16/06/2021 23:07:09,flsal,AutoCAD PDF (High Quality Print).pc3,ISO full bleed A4 (210.00 x 297.00 MM),1:1,
D:\Github\Github - Others\DWR-19\01Relatorios\Diagramas\Diagrama_Robo_v3.dwg,Layout5,16/06/2021 23:07:10,flsal,AutoCAD PDF (High Quality Print).pc3,ISO full bleed A4 (210.00 x 297.00 MM),1:1,
D:\Github\Github - Others\DWR-19\01Relatorios\Diagramas\Diagrama_Robo_v3.dwg,Layout2,16/06/2021 23:08:23,flsal,AutoCAD PDF (High Quality Print).pc3,ISO full bleed A4 (210.00 x 297.00 MM),1:1,
D:\Github\Github - Others\DWR-19\01Relatorios\Diagramas\Diagrama_Robo_v3.dwg,Layout1,16/06/2021 23:08:23,flsal,AutoCAD PDF (High Quality Print).pc3,ISO full bleed A4 (210.00 x 297.00 MM),1:1,
D:\Github\Github - Others\DWR-19\01Relatorios\Diagramas\Diagrama_Robo_v3.dwg,Layout3,16/06/2021 23:08:23,flsal,AutoCAD PDF (High Quality Print).pc3,ISO full bleed A4 (210.00 x 297.00 MM),1:1,
D:\Github\Github - Others\DWR-19\01Relatorios\Diagramas\Diagrama_Robo_v3.dwg,Layout4,16/06/2021 23:08:24,flsal,AutoCAD PDF (High Quality Print).pc3,ISO full bleed A4 (210.00 x 297.00 MM),1:1,
D:\Github\Github - Others\DWR-19\01Relatorios\Diagramas\Diagrama_Robo_v3.dwg,Layout5,16/06/2021 23:08:24,flsal,AutoCAD PDF (High Quality Print).pc3,ISO full bleed A4 (210.00 x 297.00 MM),1:1,
D:\Github\Github - Others\DWR-19\01Relatorios\Diagramas\Diagrama_Robo_v3.dwg,Model,16/06/2021 23:13:04,flsal,AutoCAD PDF (High Quality Print).pc3,ISO A4 (210.00 x 297.00 MM),1:3.12074,
D:\Github\Github - Others\DWR-19\01Relatorios\Diagramas\Diagrama_Robo_v3.dwg,Layout2,16/06/2021 23:13:51,flsal,AutoCAD PDF (High Quality Print).pc3,ISO full bleed A4 (210.00 x 297.00 MM),1:1,
D:\Github\Github - Others\DWR-19\01Relatorios\Diagramas\Diagrama_Robo_v3.dwg,Layout1,16/06/2021 23:13:51,flsal,AutoCAD PDF (High Quality Print).pc3,ISO full bleed A4 (210.00 x 297.00 MM),1:1,
D:\Github\Github - Others\DWR-19\01Relatorios\Diagramas\Diagrama_Robo_v3.dwg,Layout3,16/06/2021 23:13:51,flsal,AutoCAD PDF (High Quality Print).pc3,ISO full bleed A4 (210.00 x 297.00 MM),1:1,
D:\Github\Github - Others\DWR-19\01Relatorios\Diagramas\Diagrama_Robo_v3.dwg,Layout4,16/06/2021 23:13:51,flsal,AutoCAD PDF (High Quality Print).pc3,ISO full bleed A4 (210.00 x 297.00 MM),1:1,
D:\Github\Github - Others\DWR-19\01Relatorios\Diagramas\Diagrama_Robo_v3.dwg,Layout5,16/06/2021 23:13:52,flsal,AutoCAD PDF (High Quality Print).pc3,ISO full bleed A4 (210.00 x 297.00 MM),1:1,
D:\Github\Github - Others\DWR-19\01Relatorios\Diagramas\Diagrama_Robo_v3.dwg,Layout2,16/06/2021 23:16:08,flsal,AutoCAD PDF (High Quality Print).pc3,ISO full bleed A4 (210.00 x 297.00 MM),1:1,
D:\Github\Github - Others\DWR-19\01Relatorios\Diagramas\Diagrama_Robo_v3.dwg,Layout1,16/06/2021 23:16:08,flsal,AutoCAD PDF (High Quality Print).pc3,ISO full bleed A4 (210.00 x 297.00 MM),1:1,
D:\Github\Github - Others\DWR-19\01Relatorios\Diagramas\Diagrama_Robo_v3.dwg,Layout3,16/06/2021 23:16:08,flsal,AutoCAD PDF (High Quality Print).pc3,ISO full bleed A4 (210.00 x 297.00 MM),1:1,
D:\Github\Github - Others\DWR-19\01Relatorios\Diagramas\Diagrama_Robo_v3.dwg,Layout4,16/06/2021 23:16:08,flsal,AutoCAD PDF (High Quality Print).pc3,ISO full bleed A4 (210.00 x 297.00 MM),1:1,
D:\Github\Github - Others\DWR-19\01Relatorios\Diagramas\Diagrama_Robo_v3.dwg,Layout5,16/06/2021 23:16:08,flsal,AutoCAD PDF (High Quality Print).pc3,ISO full bleed A4 (210.00 x 297.00 MM),1:1,
D:\Github\Github - Others\DWR-19\01Relatorios\Diagramas\Diagrama_Robo_v3.dwg,Layout2,16/06/2021 23:16:43,flsal,AutoCAD PDF (High Quality Print).pc3,ISO full bleed A4 (210.00 x 297.00 MM),1:1,
D:\Github\Github - Others\DWR-19\01Relatorios\Diagramas\Diagrama_Robo_v3.dwg,Layout1,16/06/2021 23:16:43,flsal,AutoCAD PDF (High Quality Print).pc3,ISO full bleed A4 (210.00 x 297.00 MM),1:1,
D:\Github\Github - Others\DWR-19\01Relatorios\Diagramas\Diagrama_Robo_v3.dwg,Layout3,16/06/2021 23:16:43,flsal,AutoCAD PDF (High Quality Print).pc3,ISO full bleed A4 (210.00 x 297.00 MM),1:1,
D:\Github\Github - Others\DWR-19\01Relatorios\Diagramas\Diagrama_Robo_v3.dwg,Layout4,16/06/2021 23:16:44,flsal,AutoCAD PDF (High Quality Print).pc3,ISO full bleed A4 (210.00 x 297.00 MM),1:1,
D:\Github\Github - Others\DWR-19\01Relatorios\Diagramas\Diagrama_Robo_v3.dwg,Layout5,16/06/2021 23:16:44,flsal,AutoCAD PDF (High Quality Print).pc3,ISO full bleed A4 (210.00 x 297.00 MM),1:1,
Drawing1.dwg,Model,18/06/2021 12:29:16,flsal,AutoCAD PDF (High Quality Print).pc3,ISO A4 (210.00 x 297.00 MM),1:0.173881,
Drawing1.dwg,Model,18/06/2021 12:30:30,flsal,AutoCAD PDF (Web and Mobile).pc3,ISO A4 (210.00 x 297.00 MM),1:0.173881,
D:\Github\Github - Others\DWR-19\01Relatorios\Diagramas\LeSpeciale.dwg,Left P1,22/06/2021 01:58:35,flsal,DWG To PDF.pc3,ISO full bleed A4 (297.00 x 210.00 MM),1:1,
D:\Github\Github - Others\DWR-19\01Relatorios\Diagramas\LeSpeciale.dwg,Left P2,22/06/2021 01:58:35,flsal,DWG To PDF.pc3,ISO full bleed A4 (297.00 x 210.00 MM),1:1,
D:\Github\Github - Others\DWR-19\01Relatorios\Diagramas\LeSpeciale.dwg,Right P1,22/06/2021 01:58:35,flsal,DWG To PDF.pc3,ISO full bleed A4 (297.00 x 210.00 MM),1:1,
D:\Github\Github - Others\DWR-19\01Relatorios\Diagramas\LeSpeciale.dwg,Right P2,22/06/2021 01:58:35,flsal,DWG To PDF.pc3,ISO full bleed A4 (297.00 x 210.00 MM),1:1,
D:\Github\Github - Others\DWR-19\01Relatorios\Diagramas\LeSpeciale.dwg,Left P1,22/06/2021 02:06:19,flsal,DWG To PDF.pc3,ISO full bleed A4 (297.00 x 210.00 MM),1:1,
D:\Github\Github - Others\DWR-19\01Relatorios\Diagramas\LeSpeciale.dwg,Left P2,22/06/2021 02:06:19,flsal,DWG To PDF.pc3,ISO full bleed A4 (297.00 x 210.00 MM),1:1,
D:\Github\Github - Others\DWR-19\01Relatorios\Diagramas\LeSpeciale.dwg,Left P3,22/06/2021 02:06:19,flsal,DWG To PDF.pc3,ISO full bleed A4 (297.00 x 210.00 MM),1:1,
D:\Github\Github - Others\DWR-19\01Relatorios\Diagramas\LeSpeciale.dwg,Right P1,22/06/2021 02:06:19,flsal,DWG To PDF.pc3,ISO full bleed A4 (297.00 x 210.00 MM),1:1,
D:\Github\Github - Others\DWR-19\01Relatorios\Diagramas\LeSpeciale.dwg,Right P2,22/06/2021 02:06:19,flsal,DWG To PDF.pc3,ISO full bleed A4 (297.00 x 210.00 MM),1:1,
D:\Github\Github - Others\DWR-19\01Relatorios\Diagramas\LeSpeciale.dwg,Right P3,22/06/2021 02:06:20,flsal,DWG To PDF.pc3,ISO full bleed A4 (297.00 x 210.00 MM),1:1,
